
> login-app@1.0.0 build
> next build

  ▲ Next.js 14.2.33

   Creating an optimized production build ...
<w> [webpack.cache.PackFileCacheStrategy] Skipped not serializable cache item 'Compilation/modules|javascript/auto|C:\projects\الكلية 1\1\in-login\node_modules\next\dist\build\webpack\loaders\next-flight-css-loader.js??ruleSet[1].rules[14].oneOf[7].use[0]!C:\projects\الكلية 1\1\in-login\node_modules\next\dist\build\webpack\loaders\css-loader\src\index.js??ruleSet[1].rules[14].oneOf[7].use[1]!C:\projects\الكلية 1\1\in-login\node_modules\next\dist\build\webpack\loaders\postcss-loader\src\index.js??ruleSet[1].rules[14].oneOf[7].use[2]!C:\projects\الكلية 1\1\in-login\app\signup\signup.module.css|ssr': No serializer registered for CssSyntaxError
<w> while serializing webpack/lib/cache/PackFileCacheStrategy.PackContentItems -> webpack/lib/NormalModule -> webpack/lib/ModuleBuildError -> CssSyntaxError
<w> [webpack.cache.PackFileCacheStrategy] Skipped not serializable cache item 'Compilation/modules|javascript/auto|C:\projects\الكلية 1\1\in-login\node_modules\next\dist\build\webpack\loaders\next-flight-css-loader.js??ruleSet[1].rules[14].oneOf[7].use[0]!C:\projects\الكلية 1\1\in-login\node_modules\next\dist\build\webpack\loaders\css-loader\src\index.js??ruleSet[1].rules[14].oneOf[7].use[1]!C:\projects\الكلية 1\1\in-login\node_modules\next\dist\build\webpack\loaders\postcss-loader\src\index.js??ruleSet[1].rules[14].oneOf[7].use[2]!C:\projects\الكلية 1\1\in-login\app\selectRole\selectRole.module.css|ssr': No serializer registered for CssSyntaxError
<w> while serializing webpack/lib/cache/PackFileCacheStrategy.PackContentItems -> webpack/lib/NormalModule -> webpack/lib/ModuleBuildError -> CssSyntaxError
Failed to compile.

./app/selectRole/selectRole.module.css:133:1
Syntax error: Selector "label>input[type="radio"]" is not pure (pure selectors must contain at least one local class or id)

 [90m 131 | [39m[33m}[39m
 [90m 132 | [39m
[1m[31m>[39m[22m[90m 133 | [39mlabel>input[33m[[39mtype=[32m"radio"[39m[33m][39m [33m{[39m
 [90m     | [39m[1m[31m^[39m[22m
 [90m 134 | [39m    display[33m:[39m none[33m;[39m
 [90m 135 | [39m[33m}[39m

./app/signup/signup.module.css:278:5
Syntax error: Selector "form" is not pure (pure selectors must contain at least one local class or id)

 [90m 276 | [39m    [33m}[39m
 [90m 277 | [39m
[1m[31m>[39m[22m[90m 278 | [39m    form [33m{[39m
 [90m     | [39m    [1m[31m^[39m[22m
 [90m 279 | [39m        grid-template-columns[33m:[39m 1fr[33m;[39m
 [90m 280 | [39m    [33m}[39m


> Build failed because of webpack errors
