
> login-app@1.0.0 build
> next build

  ▲ Next.js 14.2.33

   Creating an optimized production build ...
 ✓ Compiled successfully
   Linting and checking validity of types ...
   Collecting page data ...
   Generating static pages (0/11) ...
Error: useApp must be used within an AppProvider
    at l (C:\projects\الكلية 1\1\in-login\.next\server\app\signup\company\page.js:1:7384)
    at m (C:\projects\الكلية 1\1\in-login\.next\server\app\signup\company\page.js:1:7924)
    at nj (C:\projects\الكلية 1\1\in-login\node_modules\next\dist\compiled\next-server\app-page.runtime.prod.js:12:46252)
    at nM (C:\projects\الكلية 1\1\in-login\node_modules\next\dist\compiled\next-server\app-page.runtime.prod.js:12:47572)
    at nN (C:\projects\الكلية 1\1\in-login\node_modules\next\dist\compiled\next-server\app-page.runtime.prod.js:12:64547)
    at nI (C:\projects\الكلية 1\1\in-login\node_modules\next\dist\compiled\next-server\app-page.runtime.prod.js:12:47011)
    at nM (C:\projects\الكلية 1\1\in-login\node_modules\next\dist\compiled\next-server\app-page.runtime.prod.js:12:47718)
    at nM (C:\projects\الكلية 1\1\in-login\node_modules\next\dist\compiled\next-server\app-page.runtime.prod.js:12:61547)
    at nN (C:\projects\الكلية 1\1\in-login\node_modules\next\dist\compiled\next-server\app-page.runtime.prod.js:12:64547)
    at nB (C:\projects\الكلية 1\1\in-login\node_modules\next\dist\compiled\next-server\app-page.runtime.prod.js:12:67539) {
  digest: '1732890095'
}
Error: useApp must be used within an AppProvider
    at l (C:\projects\الكلية 1\1\in-login\.next\server\app\signup\mentor\page.js:1:7378)
    at m (C:\projects\الكلية 1\1\in-login\.next\server\app\signup\mentor\page.js:1:7918)
    at nj (C:\projects\الكلية 1\1\in-login\node_modules\next\dist\compiled\next-server\app-page.runtime.prod.js:12:46252)
    at nM (C:\projects\الكلية 1\1\in-login\node_modules\next\dist\compiled\next-server\app-page.runtime.prod.js:12:47572)
    at nN (C:\projects\الكلية 1\1\in-login\node_modules\next\dist\compiled\next-server\app-page.runtime.prod.js:12:64547)
    at nI (C:\projects\الكلية 1\1\in-login\node_modules\next\dist\compiled\next-server\app-page.runtime.prod.js:12:47011)
    at nM (C:\projects\الكلية 1\1\in-login\node_modules\next\dist\compiled\next-server\app-page.runtime.prod.js:12:47718)
    at nM (C:\projects\الكلية 1\1\in-login\node_modules\next\dist\compiled\next-server\app-page.runtime.prod.js:12:61547)
    at nN (C:\projects\الكلية 1\1\in-login\node_modules\next\dist\compiled\next-server\app-page.runtime.prod.js:12:64547)
    at nB (C:\projects\الكلية 1\1\in-login\node_modules\next\dist\compiled\next-server\app-page.runtime.prod.js:12:67539) {
  digest: '2951089507'
}

Error occurred prerendering page "/signup/company". Read more: https://nextjs.org/docs/messages/prerender-error

Error: useApp must be used within an AppProvider
    at l (C:\projects\الكلية 1\1\in-login\.next\server\app\signup\company\page.js:1:7384)
    at m (C:\projects\الكلية 1\1\in-login\.next\server\app\signup\company\page.js:1:7924)
    at nj (C:\projects\الكلية 1\1\in-login\node_modules\next\dist\compiled\next-server\app-page.runtime.prod.js:12:46252)
    at nM (C:\projects\الكلية 1\1\in-login\node_modules\next\dist\compiled\next-server\app-page.runtime.prod.js:12:47572)
    at nN (C:\projects\الكلية 1\1\in-login\node_modules\next\dist\compiled\next-server\app-page.runtime.prod.js:12:64547)
    at nI (C:\projects\الكلية 1\1\in-login\node_modules\next\dist\compiled\next-server\app-page.runtime.prod.js:12:47011)
    at nM (C:\projects\الكلية 1\1\in-login\node_modules\next\dist\compiled\next-server\app-page.runtime.prod.js:12:47718)
    at nM (C:\projects\الكلية 1\1\in-login\node_modules\next\dist\compiled\next-server\app-page.runtime.prod.js:12:61547)
    at nN (C:\projects\الكلية 1\1\in-login\node_modules\next\dist\compiled\next-server\app-page.runtime.prod.js:12:64547)
    at nB (C:\projects\الكلية 1\1\in-login\node_modules\next\dist\compiled\next-server\app-page.runtime.prod.js:12:67539)
   Generating static pages (2/11) 

Error occurred prerendering page "/signup/mentor". Read more: https://nextjs.org/docs/messages/prerender-error

Error: useApp must be used within an AppProvider
    at l (C:\projects\الكلية 1\1\in-login\.next\server\app\signup\mentor\page.js:1:7378)
    at m (C:\projects\الكلية 1\1\in-login\.next\server\app\signup\mentor\page.js:1:7918)
    at nj (C:\projects\الكلية 1\1\in-login\node_modules\next\dist\compiled\next-server\app-page.runtime.prod.js:12:46252)
    at nM (C:\projects\الكلية 1\1\in-login\node_modules\next\dist\compiled\next-server\app-page.runtime.prod.js:12:47572)
    at nN (C:\projects\الكلية 1\1\in-login\node_modules\next\dist\compiled\next-server\app-page.runtime.prod.js:12:64547)
    at nI (C:\projects\الكلية 1\1\in-login\node_modules\next\dist\compiled\next-server\app-page.runtime.prod.js:12:47011)
    at nM (C:\projects\الكلية 1\1\in-login\node_modules\next\dist\compiled\next-server\app-page.runtime.prod.js:12:47718)
    at nM (C:\projects\الكلية 1\1\in-login\node_modules\next\dist\compiled\next-server\app-page.runtime.prod.js:12:61547)
    at nN (C:\projects\الكلية 1\1\in-login\node_modules\next\dist\compiled\next-server\app-page.runtime.prod.js:12:64547)
    at nB (C:\projects\الكلية 1\1\in-login\node_modules\next\dist\compiled\next-server\app-page.runtime.prod.js:12:67539)
   Generating static pages (5/11) 
Error: useApp must be used within an AppProvider
    at i (C:\projects\الكلية 1\1\in-login\.next\server\app\login\page.js:1:6620)
    at v (C:\projects\الكلية 1\1\in-login\.next\server\app\login\page.js:1:7708)
    at nj (C:\projects\الكلية 1\1\in-login\node_modules\next\dist\compiled\next-server\app-page.runtime.prod.js:12:46252)
    at nM (C:\projects\الكلية 1\1\in-login\node_modules\next\dist\compiled\next-server\app-page.runtime.prod.js:12:47572)
    at nN (C:\projects\الكلية 1\1\in-login\node_modules\next\dist\compiled\next-server\app-page.runtime.prod.js:12:64547)
    at nI (C:\projects\الكلية 1\1\in-login\node_modules\next\dist\compiled\next-server\app-page.runtime.prod.js:12:47011)
    at nM (C:\projects\الكلية 1\1\in-login\node_modules\next\dist\compiled\next-server\app-page.runtime.prod.js:12:47718)
    at nM (C:\projects\الكلية 1\1\in-login\node_modules\next\dist\compiled\next-server\app-page.runtime.prod.js:12:61547)
    at nN (C:\projects\الكلية 1\1\in-login\node_modules\next\dist\compiled\next-server\app-page.runtime.prod.js:12:64547)
    at nB (C:\projects\الكلية 1\1\in-login\node_modules\next\dist\compiled\next-server\app-page.runtime.prod.js:12:67539) {
  digest: '3419514459'
}

Error occurred prerendering page "/login". Read more: https://nextjs.org/docs/messages/prerender-error

Error: useApp must be used within an AppProvider
    at i (C:\projects\الكلية 1\1\in-login\.next\server\app\login\page.js:1:6620)
    at v (C:\projects\الكلية 1\1\in-login\.next\server\app\login\page.js:1:7708)
    at nj (C:\projects\الكلية 1\1\in-login\node_modules\next\dist\compiled\next-server\app-page.runtime.prod.js:12:46252)
    at nM (C:\projects\الكلية 1\1\in-login\node_modules\next\dist\compiled\next-server\app-page.runtime.prod.js:12:47572)
    at nN (C:\projects\الكلية 1\1\in-login\node_modules\next\dist\compiled\next-server\app-page.runtime.prod.js:12:64547)
    at nI (C:\projects\الكلية 1\1\in-login\node_modules\next\dist\compiled\next-server\app-page.runtime.prod.js:12:47011)
    at nM (C:\projects\الكلية 1\1\in-login\node_modules\next\dist\compiled\next-server\app-page.runtime.prod.js:12:47718)
    at nM (C:\projects\الكلية 1\1\in-login\node_modules\next\dist\compiled\next-server\app-page.runtime.prod.js:12:61547)
    at nN (C:\projects\الكلية 1\1\in-login\node_modules\next\dist\compiled\next-server\app-page.runtime.prod.js:12:64547)
    at nB (C:\projects\الكلية 1\1\in-login\node_modules\next\dist\compiled\next-server\app-page.runtime.prod.js:12:67539)
Error: useApp must be used within an AppProvider
    at l (C:\projects\الكلية 1\1\in-login\.next\server\app\page.js:1:6563)
    at h (C:\projects\الكلية 1\1\in-login\.next\server\app\page.js:1:6841)
    at nj (C:\projects\الكلية 1\1\in-login\node_modules\next\dist\compiled\next-server\app-page.runtime.prod.js:12:46252)
    at nM (C:\projects\الكلية 1\1\in-login\node_modules\next\dist\compiled\next-server\app-page.runtime.prod.js:12:47572)
    at nN (C:\projects\الكلية 1\1\in-login\node_modules\next\dist\compiled\next-server\app-page.runtime.prod.js:12:64547)
    at nI (C:\projects\الكلية 1\1\in-login\node_modules\next\dist\compiled\next-server\app-page.runtime.prod.js:12:47011)
    at nM (C:\projects\الكلية 1\1\in-login\node_modules\next\dist\compiled\next-server\app-page.runtime.prod.js:12:47718)
    at nM (C:\projects\الكلية 1\1\in-login\node_modules\next\dist\compiled\next-server\app-page.runtime.prod.js:12:61547)
    at nN (C:\projects\الكلية 1\1\in-login\node_modules\next\dist\compiled\next-server\app-page.runtime.prod.js:12:64547)
    at nB (C:\projects\الكلية 1\1\in-login\node_modules\next\dist\compiled\next-server\app-page.runtime.prod.js:12:67539) {
  digest: '3002201607'
}

Error occurred prerendering page "/". Read more: https://nextjs.org/docs/messages/prerender-error

Error: useApp must be used within an AppProvider
    at l (C:\projects\الكلية 1\1\in-login\.next\server\app\page.js:1:6563)
    at h (C:\projects\الكلية 1\1\in-login\.next\server\app\page.js:1:6841)
    at nj (C:\projects\الكلية 1\1\in-login\node_modules\next\dist\compiled\next-server\app-page.runtime.prod.js:12:46252)
    at nM (C:\projects\الكلية 1\1\in-login\node_modules\next\dist\compiled\next-server\app-page.runtime.prod.js:12:47572)
    at nN (C:\projects\الكلية 1\1\in-login\node_modules\next\dist\compiled\next-server\app-page.runtime.prod.js:12:64547)
    at nI (C:\projects\الكلية 1\1\in-login\node_modules\next\dist\compiled\next-server\app-page.runtime.prod.js:12:47011)
    at nM (C:\projects\الكلية 1\1\in-login\node_modules\next\dist\compiled\next-server\app-page.runtime.prod.js:12:47718)
    at nM (C:\projects\الكلية 1\1\in-login\node_modules\next\dist\compiled\next-server\app-page.runtime.prod.js:12:61547)
    at nN (C:\projects\الكلية 1\1\in-login\node_modules\next\dist\compiled\next-server\app-page.runtime.prod.js:12:64547)
    at nB (C:\projects\الكلية 1\1\in-login\node_modules\next\dist\compiled\next-server\app-page.runtime.prod.js:12:67539)
Error: useApp must be used within an AppProvider
    at i (C:\projects\الكلية 1\1\in-login\.next\server\app\selectRole\page.js:1:6649)
    at u (C:\projects\الكلية 1\1\in-login\.next\server\app\selectRole\page.js:1:6927)
    at nj (C:\projects\الكلية 1\1\in-login\node_modules\next\dist\compiled\next-server\app-page.runtime.prod.js:12:46252)
    at nM (C:\projects\الكلية 1\1\in-login\node_modules\next\dist\compiled\next-server\app-page.runtime.prod.js:12:47572)
    at nN (C:\projects\الكلية 1\1\in-login\node_modules\next\dist\compiled\next-server\app-page.runtime.prod.js:12:64547)
    at nI (C:\projects\الكلية 1\1\in-login\node_modules\next\dist\compiled\next-server\app-page.runtime.prod.js:12:47011)
    at nM (C:\projects\الكلية 1\1\in-login\node_modules\next\dist\compiled\next-server\app-page.runtime.prod.js:12:47718)
    at nM (C:\projects\الكلية 1\1\in-login\node_modules\next\dist\compiled\next-server\app-page.runtime.prod.js:12:61547)
    at nN (C:\projects\الكلية 1\1\in-login\node_modules\next\dist\compiled\next-server\app-page.runtime.prod.js:12:64547)
    at nB (C:\projects\الكلية 1\1\in-login\node_modules\next\dist\compiled\next-server\app-page.runtime.prod.js:12:67539) {
  digest: '4228181557'
}

Error occurred prerendering page "/selectRole". Read more: https://nextjs.org/docs/messages/prerender-error

Error: useApp must be used within an AppProvider
    at i (C:\projects\الكلية 1\1\in-login\.next\server\app\selectRole\page.js:1:6649)
    at u (C:\projects\الكلية 1\1\in-login\.next\server\app\selectRole\page.js:1:6927)
    at nj (C:\projects\الكلية 1\1\in-login\node_modules\next\dist\compiled\next-server\app-page.runtime.prod.js:12:46252)
    at nM (C:\projects\الكلية 1\1\in-login\node_modules\next\dist\compiled\next-server\app-page.runtime.prod.js:12:47572)
    at nN (C:\projects\الكلية 1\1\in-login\node_modules\next\dist\compiled\next-server\app-page.runtime.prod.js:12:64547)
    at nI (C:\projects\الكلية 1\1\in-login\node_modules\next\dist\compiled\next-server\app-page.runtime.prod.js:12:47011)
    at nM (C:\projects\الكلية 1\1\in-login\node_modules\next\dist\compiled\next-server\app-page.runtime.prod.js:12:47718)
    at nM (C:\projects\الكلية 1\1\in-login\node_modules\next\dist\compiled\next-server\app-page.runtime.prod.js:12:61547)
    at nN (C:\projects\الكلية 1\1\in-login\node_modules\next\dist\compiled\next-server\app-page.runtime.prod.js:12:64547)
    at nB (C:\projects\الكلية 1\1\in-login\node_modules\next\dist\compiled\next-server\app-page.runtime.prod.js:12:67539)
 ⨯ useSearchParams() should be wrapped in a suspense boundary at page "/resetPassword". Read more: https://nextjs.org/docs/messages/missing-suspense-with-csr-bailout
    at a (C:\projects\الكلية 1\1\in-login\.next\server\chunks\819.js:1:10537)
    at c (C:\projects\الكلية 1\1\in-login\.next\server\chunks\819.js:1:21473)
    at g (C:\projects\الكلية 1\1\in-login\.next\server\app\resetPassword\page.js:1:8877)
    at nj (C:\projects\الكلية 1\1\in-login\node_modules\next\dist\compiled\next-server\app-page.runtime.prod.js:12:46252)
    at nM (C:\projects\الكلية 1\1\in-login\node_modules\next\dist\compiled\next-server\app-page.runtime.prod.js:12:47572)
    at nN (C:\projects\الكلية 1\1\in-login\node_modules\next\dist\compiled\next-server\app-page.runtime.prod.js:12:64547)
    at nI (C:\projects\الكلية 1\1\in-login\node_modules\next\dist\compiled\next-server\app-page.runtime.prod.js:12:47011)
    at nM (C:\projects\الكلية 1\1\in-login\node_modules\next\dist\compiled\next-server\app-page.runtime.prod.js:12:47718)
    at nM (C:\projects\الكلية 1\1\in-login\node_modules\next\dist\compiled\next-server\app-page.runtime.prod.js:12:61547)
    at nN (C:\projects\الكلية 1\1\in-login\node_modules\next\dist\compiled\next-server\app-page.runtime.prod.js:12:64547)

Error occurred prerendering page "/resetPassword". Read more: https://nextjs.org/docs/messages/prerender-error

   Generating static pages (8/11) 
Error: useApp must be used within an AppProvider
    at l (C:\projects\الكلية 1\1\in-login\.next\server\app\signup\student\page.js:1:7383)
    at m (C:\projects\الكلية 1\1\in-login\.next\server\app\signup\student\page.js:1:7923)
    at nj (C:\projects\الكلية 1\1\in-login\node_modules\next\dist\compiled\next-server\app-page.runtime.prod.js:12:46252)
    at nM (C:\projects\الكلية 1\1\in-login\node_modules\next\dist\compiled\next-server\app-page.runtime.prod.js:12:47572)
    at nN (C:\projects\الكلية 1\1\in-login\node_modules\next\dist\compiled\next-server\app-page.runtime.prod.js:12:64547)
    at nI (C:\projects\الكلية 1\1\in-login\node_modules\next\dist\compiled\next-server\app-page.runtime.prod.js:12:47011)
    at nM (C:\projects\الكلية 1\1\in-login\node_modules\next\dist\compiled\next-server\app-page.runtime.prod.js:12:47718)
    at nM (C:\projects\الكلية 1\1\in-login\node_modules\next\dist\compiled\next-server\app-page.runtime.prod.js:12:61547)
    at nN (C:\projects\الكلية 1\1\in-login\node_modules\next\dist\compiled\next-server\app-page.runtime.prod.js:12:64547)
    at nB (C:\projects\الكلية 1\1\in-login\node_modules\next\dist\compiled\next-server\app-page.runtime.prod.js:12:67539) {
  digest: '1211899439'
}

Error occurred prerendering page "/signup/student". Read more: https://nextjs.org/docs/messages/prerender-error

Error: useApp must be used within an AppProvider
    at l (C:\projects\الكلية 1\1\in-login\.next\server\app\signup\student\page.js:1:7383)
    at m (C:\projects\الكلية 1\1\in-login\.next\server\app\signup\student\page.js:1:7923)
    at nj (C:\projects\الكلية 1\1\in-login\node_modules\next\dist\compiled\next-server\app-page.runtime.prod.js:12:46252)
    at nM (C:\projects\الكلية 1\1\in-login\node_modules\next\dist\compiled\next-server\app-page.runtime.prod.js:12:47572)
    at nN (C:\projects\الكلية 1\1\in-login\node_modules\next\dist\compiled\next-server\app-page.runtime.prod.js:12:64547)
    at nI (C:\projects\الكلية 1\1\in-login\node_modules\next\dist\compiled\next-server\app-page.runtime.prod.js:12:47011)
    at nM (C:\projects\الكلية 1\1\in-login\node_modules\next\dist\compiled\next-server\app-page.runtime.prod.js:12:47718)
    at nM (C:\projects\الكلية 1\1\in-login\node_modules\next\dist\compiled\next-server\app-page.runtime.prod.js:12:61547)
    at nN (C:\projects\الكلية 1\1\in-login\node_modules\next\dist\compiled\next-server\app-page.runtime.prod.js:12:64547)
    at nB (C:\projects\الكلية 1\1\in-login\node_modules\next\dist\compiled\next-server\app-page.runtime.prod.js:12:67539)
 ✓ Generating static pages (11/11)

> Export encountered errors on following paths:
	/login/page: /login
	/page: /
	/resetPassword/page: /resetPassword
	/selectRole/page: /selectRole
	/signup/company/page: /signup/company
	/signup/mentor/page: /signup/mentor
	/signup/student/page: /signup/student
