
> login-app@1.0.0 build
> next build

  ▲ Next.js 14.2.33

   Creating an optimized production build ...
 ✓ Compiled successfully
   Linting and checking validity of types ...
   Collecting page data ...
   Generating static pages (0/11) ...
   Generating static pages (2/11) 
   Generating static pages (5/11) 
   Generating static pages (8/11) 
 ✓ Generating static pages (11/11)
   Finalizing page optimization ...
   Collecting build traces ...

Route (app)                              Size     First Load JS
┌ ○ /                                    5.33 kB         118 kB
├ ○ /_not-found                          873 B          88.2 kB
├ ○ /forgotPassword                      3.41 kB        99.5 kB
├ ○ /login                               5.42 kB         101 kB
├ ○ /resetPassword                       4.03 kB         100 kB
├ ○ /selectRole                          3.86 kB         117 kB
├ ○ /signup/company                      4.89 kB         147 kB
├ ○ /signup/mentor                       4.77 kB         147 kB
└ ○ /signup/student                      5.04 kB         148 kB
+ First Load JS shared by all            87.3 kB
  ├ chunks/117-22f74118b0a90cad.js       31.7 kB
  ├ chunks/fd9d1056-1bf7d46c50db8962.js  53.6 kB
  └ other shared chunks (total)          1.98 kB


○  (Static)  prerendered as static content

